Analysis & Synthesis report for TopTee_e
Tue Jan 25 14:17:48 2022
Quartus Prime Version 18.1.0 Build 625 09/12/2018 SJ Lite Edition


---------------------
; Table of Contents ;
---------------------
  1. Legal Notice
  2. Analysis & Synthesis Summary
  3. Analysis & Synthesis Settings
  4. Parallel Compilation
  5. Analysis & Synthesis Source Files Read
  6. Analysis & Synthesis Resource Usage Summary
  7. Analysis & Synthesis Resource Utilization by Entity
  8. State Machine - |TopTee_e|Uart_e:Uart|idle1
  9. State Machine - |TopTee_e|Uart_e:Uart|idle
 10. State Machine - |TopTee_e|Timer_e:Timer|state
 11. General Register Statistics
 12. Multiplexer Restructuring Statistics (Restructuring Performed)
 13. Post-Synthesis Netlist Statistics for Top Partition
 14. Elapsed Time Per Partition
 15. Analysis & Synthesis Messages



----------------
; Legal Notice ;
----------------
Copyright (C) 2018  Intel Corporation. All rights reserved.
Your use of Intel Corporation's design tools, logic functions 
and other software and tools, and its AMPP partner logic 
functions, and any output files from any of the foregoing 
(including device programming or simulation files), and any 
associated documentation or information are expressly subject 
to the terms and conditions of the Intel Program License 
Subscription Agreement, the Intel Quartus Prime License Agreement,
the Intel FPGA IP License Agreement, or other applicable license
agreement, including, without limitation, that your use is for
the sole purpose of programming logic devices manufactured by
Intel and sold by Intel or its authorized distributors.  Please
refer to the applicable agreement for further details.



+----------------------------------------------------------------------------------+
; Analysis & Synthesis Summary                                                     ;
+------------------------------------+---------------------------------------------+
; Analysis & Synthesis Status        ; Successful - Tue Jan 25 14:17:48 2022       ;
; Quartus Prime Version              ; 18.1.0 Build 625 09/12/2018 SJ Lite Edition ;
; Revision Name                      ; TopTee_e                                    ;
; Top-level Entity Name              ; TopTee_e                                    ;
; Family                             ; MAX 10                                      ;
; Total logic elements               ; 2,248                                       ;
;     Total combinational functions  ; 2,183                                       ;
;     Dedicated logic registers      ; 304                                         ;
; Total registers                    ; 304                                         ;
; Total pins                         ; 10                                          ;
; Total virtual pins                 ; 0                                           ;
; Total memory bits                  ; 0                                           ;
; Embedded Multiplier 9-bit elements ; 0                                           ;
; Total PLLs                         ; 0                                           ;
; UFM blocks                         ; 0                                           ;
; ADC blocks                         ; 0                                           ;
+------------------------------------+---------------------------------------------+


+------------------------------------------------------------------------------------------------------------+
; Analysis & Synthesis Settings                                                                              ;
+------------------------------------------------------------------+--------------------+--------------------+
; Option                                                           ; Setting            ; Default Value      ;
+------------------------------------------------------------------+--------------------+--------------------+
; Device                                                           ; 10M08SAU169C8G     ;                    ;
; Top-level entity name                                            ; TopTee_e           ; TopTee_e           ;
; Family name                                                      ; MAX 10             ; Cyclone V          ;
; Use smart compilation                                            ; Off                ; Off                ;
; Enable parallel Assembler and Timing Analyzer during compilation ; On                 ; On                 ;
; Enable compact report table                                      ; Off                ; Off                ;
; Restructure Multiplexers                                         ; Auto               ; Auto               ;
; Create Debugging Nodes for IP Cores                              ; Off                ; Off                ;
; Preserve fewer node names                                        ; On                 ; On                 ;
; Intel FPGA IP Evaluation Mode                                    ; Enable             ; Enable             ;
; Verilog Version                                                  ; Verilog_2001       ; Verilog_2001       ;
; VHDL Version                                                     ; VHDL_1993          ; VHDL_1993          ;
; State Machine Processing                                         ; Auto               ; Auto               ;
; Safe State Machine                                               ; Off                ; Off                ;
; Extract Verilog State Machines                                   ; On                 ; On                 ;
; Extract VHDL State Machines                                      ; On                 ; On                 ;
; Ignore Verilog initial constructs                                ; Off                ; Off                ;
; Iteration limit for constant Verilog loops                       ; 5000               ; 5000               ;
; Iteration limit for non-constant Verilog loops                   ; 250                ; 250                ;
; Add Pass-Through Logic to Inferred RAMs                          ; On                 ; On                 ;
; Infer RAMs from Raw Logic                                        ; On                 ; On                 ;
; Parallel Synthesis                                               ; On                 ; On                 ;
; DSP Block Balancing                                              ; Auto               ; Auto               ;
; NOT Gate Push-Back                                               ; On                 ; On                 ;
; Power-Up Don't Care                                              ; On                 ; On                 ;
; Remove Redundant Logic Cells                                     ; Off                ; Off                ;
; Remove Duplicate Registers                                       ; On                 ; On                 ;
; Ignore CARRY Buffers                                             ; Off                ; Off                ;
; Ignore CASCADE Buffers                                           ; Off                ; Off                ;
; Ignore GLOBAL Buffers                                            ; Off                ; Off                ;
; Ignore ROW GLOBAL Buffers                                        ; Off                ; Off                ;
; Ignore LCELL Buffers                                             ; Off                ; Off                ;
; Ignore SOFT Buffers                                              ; On                 ; On                 ;
; Limit AHDL Integers to 32 Bits                                   ; Off                ; Off                ;
; Optimization Technique                                           ; Balanced           ; Balanced           ;
; Carry Chain Length                                               ; 70                 ; 70                 ;
; Auto Carry Chains                                                ; On                 ; On                 ;
; Auto Open-Drain Pins                                             ; On                 ; On                 ;
; Perform WYSIWYG Primitive Resynthesis                            ; Off                ; Off                ;
; Auto ROM Replacement                                             ; On                 ; On                 ;
; Auto RAM Replacement                                             ; On                 ; On                 ;
; Auto DSP Block Replacement                                       ; On                 ; On                 ;
; Auto Shift Register Replacement                                  ; Auto               ; Auto               ;
; Allow Shift Register Merging across Hierarchies                  ; Auto               ; Auto               ;
; Auto Clock Enable Replacement                                    ; On                 ; On                 ;
; Strict RAM Replacement                                           ; Off                ; Off                ;
; Allow Synchronous Control Signals                                ; On                 ; On                 ;
; Force Use of Synchronous Clear Signals                           ; Off                ; Off                ;
; Auto RAM Block Balancing                                         ; On                 ; On                 ;
; Auto RAM to Logic Cell Conversion                                ; Off                ; Off                ;
; Auto Resource Sharing                                            ; Off                ; Off                ;
; Allow Any RAM Size For Recognition                               ; Off                ; Off                ;
; Allow Any ROM Size For Recognition                               ; Off                ; Off                ;
; Allow Any Shift Register Size For Recognition                    ; Off                ; Off                ;
; Use LogicLock Constraints during Resource Balancing              ; On                 ; On                 ;
; Ignore translate_off and synthesis_off directives                ; Off                ; Off                ;
; Timing-Driven Synthesis                                          ; On                 ; On                 ;
; Report Parameter Settings                                        ; On                 ; On                 ;
; Report Source Assignments                                        ; On                 ; On                 ;
; Report Connectivity Checks                                       ; On                 ; On                 ;
; Ignore Maximum Fan-Out Assignments                               ; Off                ; Off                ;
; Synchronization Register Chain Length                            ; 2                  ; 2                  ;
; Power Optimization During Synthesis                              ; Normal compilation ; Normal compilation ;
; HDL message level                                                ; Level2             ; Level2             ;
; Suppress Register Optimization Related Messages                  ; Off                ; Off                ;
; Number of Removed Registers Reported in Synthesis Report         ; 5000               ; 5000               ;
; Number of Swept Nodes Reported in Synthesis Report               ; 5000               ; 5000               ;
; Number of Inverted Registers Reported in Synthesis Report        ; 100                ; 100                ;
; Clock MUX Protection                                             ; On                 ; On                 ;
; Auto Gated Clock Conversion                                      ; Off                ; Off                ;
; Block Design Naming                                              ; Auto               ; Auto               ;
; SDC constraint protection                                        ; Off                ; Off                ;
; Synthesis Effort                                                 ; Auto               ; Auto               ;
; Shift Register Replacement - Allow Asynchronous Clear Signal     ; On                 ; On                 ;
; Pre-Mapping Resynthesis Optimization                             ; Off                ; Off                ;
; Analysis & Synthesis Message Level                               ; Medium             ; Medium             ;
; Disable Register Merging Across Hierarchies                      ; Auto               ; Auto               ;
; Resource Aware Inference For Block RAM                           ; On                 ; On                 ;
+------------------------------------------------------------------+--------------------+--------------------+


+------------------------------------------+
; Parallel Compilation                     ;
+----------------------------+-------------+
; Processors                 ; Number      ;
+----------------------------+-------------+
; Number detected on machine ; 8           ;
; Maximum allowed            ; 4           ;
;                            ;             ;
; Average used               ; 1.00        ;
; Maximum used               ; 4           ;
;                            ;             ;
; Usage by Processor         ; % Time Used ;
;     Processor 1            ; 100.0%      ;
;     Processor 2            ;   0.0%      ;
;     Processor 3            ;   0.0%      ;
;     Processor 4            ;   0.0%      ;
+----------------------------+-------------+


+----------------------------------------------------------------------------------------------------------------------------------------------------------+
; Analysis & Synthesis Source Files Read                                                                                                                   ;
+----------------------------------+-----------------+-----------------+-------------------------------------------------------------------------+---------+
; File Name with User-Entered Path ; Used in Netlist ; File Type       ; File Name with Absolute Path                                            ; Library ;
+----------------------------------+-----------------+-----------------+-------------------------------------------------------------------------+---------+
; ../Source code/UART1.vhd         ; yes             ; User VHDL File  ; C:/Users/dimri/Desktop/CD/Circuit Design Finale/Source code/UART1.vhd   ;         ;
; ../Source code/TopTee.vhd        ; yes             ; User VHDL File  ; C:/Users/dimri/Desktop/CD/Circuit Design Finale/Source code/TopTee.vhd  ;         ;
; ../Source code/Timer.vhd         ; yes             ; User VHDL File  ; C:/Users/dimri/Desktop/CD/Circuit Design Finale/Source code/Timer.vhd   ;         ;
; ../Source code/Sensor.vhd        ; yes             ; User VHDL File  ; C:/Users/dimri/Desktop/CD/Circuit Design Finale/Source code/Sensor.vhd  ;         ;
; ../Source code/Counter.vhd       ; yes             ; User VHDL File  ; C:/Users/dimri/Desktop/CD/Circuit Design Finale/Source code/Counter.vhd ;         ;
; ../Source code/Alarm.vhd         ; yes             ; User VHDL File  ; C:/Users/dimri/Desktop/CD/Circuit Design Finale/Source code/Alarm.vhd   ;         ;
+----------------------------------+-----------------+-----------------+-------------------------------------------------------------------------+---------+


+-----------------------------------------------------------+
; Analysis & Synthesis Resource Usage Summary               ;
+---------------------------------------------+-------------+
; Resource                                    ; Usage       ;
+---------------------------------------------+-------------+
; Estimated Total logic elements              ; 2,248       ;
;                                             ;             ;
; Total combinational functions               ; 2183        ;
; Logic element usage by number of LUT inputs ;             ;
;     -- 4 input functions                    ; 583         ;
;     -- 3 input functions                    ; 506         ;
;     -- <=2 input functions                  ; 1094        ;
;                                             ;             ;
; Logic elements by mode                      ;             ;
;     -- normal mode                          ; 1257        ;
;     -- arithmetic mode                      ; 926         ;
;                                             ;             ;
; Total registers                             ; 304         ;
;     -- Dedicated logic registers            ; 304         ;
;     -- I/O registers                        ; 0           ;
;                                             ;             ;
; I/O pins                                    ; 10          ;
;                                             ;             ;
; Embedded Multiplier 9-bit elements          ; 0           ;
;                                             ;             ;
; Maximum fan-out node                        ; clk_i~input ;
; Maximum fan-out                             ; 304         ;
; Total fan-out                               ; 7096        ;
; Average fan-out                             ; 2.83        ;
+---------------------------------------------+-------------+


+--------------------------------------------------------------------------------------------------------------------------------------------------------------------------------------------------------------------------------------------+
; Analysis & Synthesis Resource Utilization by Entity                                                                                                                                                                                        ;
+----------------------------+---------------------+---------------------------+-------------+------------+--------------+---------+-----------+------+--------------+------------+-----------------------------+-------------+--------------+
; Compilation Hierarchy Node ; Combinational ALUTs ; Dedicated Logic Registers ; Memory Bits ; UFM Blocks ; DSP Elements ; DSP 9x9 ; DSP 18x18 ; Pins ; Virtual Pins ; ADC blocks ; Full Hierarchy Name         ; Entity Name ; Library Name ;
+----------------------------+---------------------+---------------------------+-------------+------------+--------------+---------+-----------+------+--------------+------------+-----------------------------+-------------+--------------+
; |TopTee_e                  ; 2183 (0)            ; 304 (0)                   ; 0           ; 0          ; 0            ; 0       ; 0         ; 10   ; 0            ; 0          ; |TopTee_e                   ; TopTee_e    ; work         ;
;    |Alarm_e:Alarm|         ; 78 (78)             ; 34 (34)                   ; 0           ; 0          ; 0            ; 0       ; 0         ; 0    ; 0            ; 0          ; |TopTee_e|Alarm_e:Alarm     ; Alarm_e     ; work         ;
;    |Counter_e:Counter|     ; 206 (206)           ; 98 (98)                   ; 0           ; 0          ; 0            ; 0       ; 0         ; 0    ; 0            ; 0          ; |TopTee_e|Counter_e:Counter ; Counter_e   ; work         ;
;    |Sensor_e:Sensor|       ; 2 (2)               ; 3 (3)                     ; 0           ; 0          ; 0            ; 0       ; 0         ; 0    ; 0            ; 0          ; |TopTee_e|Sensor_e:Sensor   ; Sensor_e    ; work         ;
;    |Timer_e:Timer|         ; 258 (258)           ; 71 (71)                   ; 0           ; 0          ; 0            ; 0       ; 0         ; 0    ; 0            ; 0          ; |TopTee_e|Timer_e:Timer     ; Timer_e     ; work         ;
;    |Uart_e:Uart|           ; 1639 (1639)         ; 98 (98)                   ; 0           ; 0          ; 0            ; 0       ; 0         ; 0    ; 0            ; 0          ; |TopTee_e|Uart_e:Uart       ; Uart_e      ; work         ;
+----------------------------+---------------------+---------------------------+-------------+------------+--------------+---------+-----------+------+--------------+------------+-----------------------------+-------------+--------------+
Note: For table entries with two numbers listed, the numbers in parentheses indicate the number of resources of the given type used by the specific entity alone. The numbers listed outside of parentheses indicate the total resources of the given type used by the specific entity and all of its sub-entities in the hierarchy.


Encoding Type:  One-Hot
+----------------------------------------------------------------------------------------------------------------------------------------------+
; State Machine - |TopTee_e|Uart_e:Uart|idle1                                                                                                  ;
+--------------+-------------+----------+----------+----------+----------+----------+----------+----------+----------+----------+--------------+
; Name         ; idle1.stop1 ; idle1.t8 ; idle1.t7 ; idle1.t6 ; idle1.t5 ; idle1.t4 ; idle1.t3 ; idle1.t2 ; idle1.t1 ; idle1.t0 ; idle1.ready1 ;
+--------------+-------------+----------+----------+----------+----------+----------+----------+----------+----------+----------+--------------+
; idle1.ready1 ; 0           ; 0        ; 0        ; 0        ; 0        ; 0        ; 0        ; 0        ; 0        ; 0        ; 0            ;
; idle1.t0     ; 0           ; 0        ; 0        ; 0        ; 0        ; 0        ; 0        ; 0        ; 0        ; 1        ; 1            ;
; idle1.t1     ; 0           ; 0        ; 0        ; 0        ; 0        ; 0        ; 0        ; 0        ; 1        ; 0        ; 1            ;
; idle1.t2     ; 0           ; 0        ; 0        ; 0        ; 0        ; 0        ; 0        ; 1        ; 0        ; 0        ; 1            ;
; idle1.t3     ; 0           ; 0        ; 0        ; 0        ; 0        ; 0        ; 1        ; 0        ; 0        ; 0        ; 1            ;
; idle1.t4     ; 0           ; 0        ; 0        ; 0        ; 0        ; 1        ; 0        ; 0        ; 0        ; 0        ; 1            ;
; idle1.t5     ; 0           ; 0        ; 0        ; 0        ; 1        ; 0        ; 0        ; 0        ; 0        ; 0        ; 1            ;
; idle1.t6     ; 0           ; 0        ; 0        ; 1        ; 0        ; 0        ; 0        ; 0        ; 0        ; 0        ; 1            ;
; idle1.t7     ; 0           ; 0        ; 1        ; 0        ; 0        ; 0        ; 0        ; 0        ; 0        ; 0        ; 1            ;
; idle1.t8     ; 0           ; 1        ; 0        ; 0        ; 0        ; 0        ; 0        ; 0        ; 0        ; 0        ; 1            ;
; idle1.stop1  ; 1           ; 0        ; 0        ; 0        ; 0        ; 0        ; 0        ; 0        ; 0        ; 0        ; 1            ;
+--------------+-------------+----------+----------+----------+----------+----------+----------+----------+----------+----------+--------------+


Encoding Type:  One-Hot
+--------------------------------------------------------------------------------------------------------------------------------+
; State Machine - |TopTee_e|Uart_e:Uart|idle                                                                                     ;
+------------+------------+---------+---------+---------+---------+---------+---------+---------+---------+---------+------------+
; Name       ; idle.stop1 ; idle.r8 ; idle.r7 ; idle.r6 ; idle.r5 ; idle.r4 ; idle.r3 ; idle.r2 ; idle.r1 ; idle.r0 ; idle.ready ;
+------------+------------+---------+---------+---------+---------+---------+---------+---------+---------+---------+------------+
; idle.ready ; 0          ; 0       ; 0       ; 0       ; 0       ; 0       ; 0       ; 0       ; 0       ; 0       ; 0          ;
; idle.r0    ; 0          ; 0       ; 0       ; 0       ; 0       ; 0       ; 0       ; 0       ; 0       ; 1       ; 1          ;
; idle.r1    ; 0          ; 0       ; 0       ; 0       ; 0       ; 0       ; 0       ; 0       ; 1       ; 0       ; 1          ;
; idle.r2    ; 0          ; 0       ; 0       ; 0       ; 0       ; 0       ; 0       ; 1       ; 0       ; 0       ; 1          ;
; idle.r3    ; 0          ; 0       ; 0       ; 0       ; 0       ; 0       ; 1       ; 0       ; 0       ; 0       ; 1          ;
; idle.r4    ; 0          ; 0       ; 0       ; 0       ; 0       ; 1       ; 0       ; 0       ; 0       ; 0       ; 1          ;
; idle.r5    ; 0          ; 0       ; 0       ; 0       ; 1       ; 0       ; 0       ; 0       ; 0       ; 0       ; 1          ;
; idle.r6    ; 0          ; 0       ; 0       ; 1       ; 0       ; 0       ; 0       ; 0       ; 0       ; 0       ; 1          ;
; idle.r7    ; 0          ; 0       ; 1       ; 0       ; 0       ; 0       ; 0       ; 0       ; 0       ; 0       ; 1          ;
; idle.r8    ; 0          ; 1       ; 0       ; 0       ; 0       ; 0       ; 0       ; 0       ; 0       ; 0       ; 1          ;
; idle.stop1 ; 1          ; 0       ; 0       ; 0       ; 0       ; 0       ; 0       ; 0       ; 0       ; 0       ; 1          ;
+------------+------------+---------+---------+---------+---------+---------+---------+---------+---------+---------+------------+


Encoding Type:  One-Hot
+-----------------------------------------------------------+
; State Machine - |TopTee_e|Timer_e:Timer|state             ;
+---------+---------+---------+---------+---------+---------+
; Name    ; state.E ; state.D ; state.C ; state.B ; state.A ;
+---------+---------+---------+---------+---------+---------+
; state.A ; 0       ; 0       ; 0       ; 0       ; 0       ;
; state.B ; 0       ; 0       ; 0       ; 1       ; 1       ;
; state.C ; 0       ; 0       ; 1       ; 0       ; 1       ;
; state.D ; 0       ; 1       ; 0       ; 0       ; 1       ;
; state.E ; 1       ; 0       ; 0       ; 0       ; 1       ;
+---------+---------+---------+---------+---------+---------+


+------------------------------------------------------+
; General Register Statistics                          ;
+----------------------------------------------+-------+
; Statistic                                    ; Value ;
+----------------------------------------------+-------+
; Total registers                              ; 304   ;
; Number of registers using Synchronous Clear  ; 13    ;
; Number of registers using Synchronous Load   ; 3     ;
; Number of registers using Asynchronous Clear ; 206   ;
; Number of registers using Asynchronous Load  ; 0     ;
; Number of registers using Clock Enable       ; 244   ;
; Number of registers using Preset             ; 0     ;
+----------------------------------------------+-------+


+-------------------------------------------------------------------------------------------------------------------------------------------------------+
; Multiplexer Restructuring Statistics (Restructuring Performed)                                                                                        ;
+--------------------+-----------+---------------+----------------------+------------------------+------------+-----------------------------------------+
; Multiplexer Inputs ; Bus Width ; Baseline Area ; Area if Restructured ; Saving if Restructured ; Registered ; Example Multiplexer Output              ;
+--------------------+-----------+---------------+----------------------+------------------------+------------+-----------------------------------------+
; 3:1                ; 32 bits   ; 64 LEs        ; 64 LEs               ; 0 LEs                  ; Yes        ; |TopTee_e|Uart_e:Uart|\process_1:i[6]   ;
; 3:1                ; 32 bits   ; 64 LEs        ; 64 LEs               ; 0 LEs                  ; Yes        ; |TopTee_e|Uart_e:Uart|i[27]             ;
; 3:1                ; 30 bits   ; 60 LEs        ; 30 LEs               ; 30 LEs                 ; Yes        ; |TopTee_e|Alarm_e:Alarm|ticks[30]       ;
; 3:1                ; 30 bits   ; 60 LEs        ; 30 LEs               ; 30 LEs                 ; Yes        ; |TopTee_e|Counter_e:Counter|Seconds[17] ;
; 4:1                ; 30 bits   ; 60 LEs        ; 30 LEs               ; 30 LEs                 ; Yes        ; |TopTee_e|Counter_e:Counter|Ticks[27]   ;
; 11:1               ; 29 bits   ; 203 LEs       ; 116 LEs              ; 87 LEs                 ; Yes        ; |TopTee_e|Timer_e:Timer|timer[27]       ;
; 3:1                ; 2 bits    ; 4 LEs         ; 2 LEs                ; 2 LEs                  ; Yes        ; |TopTee_e|Alarm_e:Alarm|ticks[31]       ;
; 3:1                ; 2 bits    ; 4 LEs         ; 2 LEs                ; 2 LEs                  ; Yes        ; |TopTee_e|Counter_e:Counter|Seconds[31] ;
; 4:1                ; 2 bits    ; 4 LEs         ; 2 LEs                ; 2 LEs                  ; Yes        ; |TopTee_e|Counter_e:Counter|Ticks[31]   ;
; 3:1                ; 32 bits   ; 64 LEs        ; 64 LEs               ; 0 LEs                  ; No         ; |TopTee_e|Uart_e:Uart|i                 ;
; 3:1                ; 32 bits   ; 64 LEs        ; 64 LEs               ; 0 LEs                  ; No         ; |TopTee_e|Uart_e:Uart|i                 ;
; 3:1                ; 32 bits   ; 64 LEs        ; 64 LEs               ; 0 LEs                  ; No         ; |TopTee_e|Uart_e:Uart|i                 ;
; 3:1                ; 32 bits   ; 64 LEs        ; 64 LEs               ; 0 LEs                  ; No         ; |TopTee_e|Uart_e:Uart|i                 ;
; 3:1                ; 32 bits   ; 64 LEs        ; 64 LEs               ; 0 LEs                  ; No         ; |TopTee_e|Uart_e:Uart|i                 ;
; 3:1                ; 32 bits   ; 64 LEs        ; 64 LEs               ; 0 LEs                  ; No         ; |TopTee_e|Uart_e:Uart|i                 ;
; 3:1                ; 32 bits   ; 64 LEs        ; 64 LEs               ; 0 LEs                  ; No         ; |TopTee_e|Uart_e:Uart|i                 ;
; 3:1                ; 32 bits   ; 64 LEs        ; 64 LEs               ; 0 LEs                  ; No         ; |TopTee_e|Uart_e:Uart|i                 ;
; 3:1                ; 32 bits   ; 64 LEs        ; 64 LEs               ; 0 LEs                  ; No         ; |TopTee_e|Uart_e:Uart|i                 ;
; 3:1                ; 32 bits   ; 64 LEs        ; 64 LEs               ; 0 LEs                  ; No         ; |TopTee_e|Uart_e:Uart|i                 ;
; 3:1                ; 32 bits   ; 64 LEs        ; 64 LEs               ; 0 LEs                  ; No         ; |TopTee_e|Uart_e:Uart|i                 ;
; 3:1                ; 32 bits   ; 64 LEs        ; 64 LEs               ; 0 LEs                  ; No         ; |TopTee_e|Uart_e:Uart|i                 ;
; 3:1                ; 32 bits   ; 64 LEs        ; 64 LEs               ; 0 LEs                  ; No         ; |TopTee_e|Uart_e:Uart|i                 ;
; 3:1                ; 32 bits   ; 64 LEs        ; 64 LEs               ; 0 LEs                  ; No         ; |TopTee_e|Uart_e:Uart|i                 ;
; 3:1                ; 32 bits   ; 64 LEs        ; 64 LEs               ; 0 LEs                  ; No         ; |TopTee_e|Uart_e:Uart|i                 ;
; 3:1                ; 32 bits   ; 64 LEs        ; 64 LEs               ; 0 LEs                  ; No         ; |TopTee_e|Uart_e:Uart|i                 ;
; 3:1                ; 32 bits   ; 64 LEs        ; 64 LEs               ; 0 LEs                  ; No         ; |TopTee_e|Uart_e:Uart|i                 ;
; 3:1                ; 32 bits   ; 64 LEs        ; 64 LEs               ; 0 LEs                  ; No         ; |TopTee_e|Uart_e:Uart|i                 ;
; 13:1               ; 5 bits    ; 40 LEs        ; 20 LEs               ; 20 LEs                 ; No         ; |TopTee_e|Timer_e:Timer|Selector32      ;
+--------------------+-----------+---------------+----------------------+------------------------+------------+-----------------------------------------+


+-----------------------------------------------------+
; Post-Synthesis Netlist Statistics for Top Partition ;
+-----------------------+-----------------------------+
; Type                  ; Count                       ;
+-----------------------+-----------------------------+
; boundary_port         ; 10                          ;
; cycloneiii_ff         ; 304                         ;
;     CLR               ; 34                          ;
;     CLR SCLR          ; 13                          ;
;     CLR SLD           ; 2                           ;
;     ENA               ; 86                          ;
;     ENA CLR           ; 157                         ;
;     ENA SLD           ; 1                           ;
;     plain             ; 11                          ;
; cycloneiii_lcell_comb ; 2183                        ;
;     arith             ; 926                         ;
;         2 data inputs ; 926                         ;
;     normal            ; 1257                        ;
;         1 data inputs ; 30                          ;
;         2 data inputs ; 138                         ;
;         3 data inputs ; 506                         ;
;         4 data inputs ; 583                         ;
;                       ;                             ;
; Max LUT depth         ; 70.10                       ;
; Average LUT depth     ; 48.40                       ;
+-----------------------+-----------------------------+


+-------------------------------+
; Elapsed Time Per Partition    ;
+----------------+--------------+
; Partition Name ; Elapsed Time ;
+----------------+--------------+
; Top            ; 00:01:12     ;
+----------------+--------------+


+-------------------------------+
; Analysis & Synthesis Messages ;
+-------------------------------+
Info: *******************************************************************
Info: Running Quartus Prime Analysis & Synthesis
    Info: Version 18.1.0 Build 625 09/12/2018 SJ Lite Edition
    Info: Processing started: Tue Jan 25 14:16:20 2022
Info: Command: quartus_map --read_settings_files=on --write_settings_files=off TopTee -c TopTee_e
Warning (18236): Number of processors has not been specified which may cause overloading on shared machines.  Set the global assignment NUM_PARALLEL_PROCESSORS in your QSF to an appropriate value for best performance.
Info (20030): Parallel compilation is enabled and will use 4 of the 4 processors detected
Info (12021): Found 2 design units, including 1 entities, in source file /users/dimri/desktop/cd/circuit design finale/source code/uart1.vhd
    Info (12022): Found design unit 1: Uart_e-Uart_a File: C:/Users/dimri/Desktop/CD/Circuit Design Finale/Source code/UART1.vhd Line: 16
    Info (12023): Found entity 1: Uart_e File: C:/Users/dimri/Desktop/CD/Circuit Design Finale/Source code/UART1.vhd Line: 5
Info (12021): Found 2 design units, including 1 entities, in source file /users/dimri/desktop/cd/circuit design finale/source code/toptee.vhd
    Info (12022): Found design unit 1: TopTee_e-TopTee_a File: C:/Users/dimri/Desktop/CD/Circuit Design Finale/Source code/TopTee.vhd Line: 27
    Info (12023): Found entity 1: TopTee_e File: C:/Users/dimri/Desktop/CD/Circuit Design Finale/Source code/TopTee.vhd Line: 5
Info (12021): Found 2 design units, including 1 entities, in source file /users/dimri/desktop/cd/circuit design finale/source code/timer.vhd
    Info (12022): Found design unit 1: Timer_e-Timer_a File: C:/Users/dimri/Desktop/CD/Circuit Design Finale/Source code/Timer.vhd Line: 20
    Info (12023): Found entity 1: Timer_e File: C:/Users/dimri/Desktop/CD/Circuit Design Finale/Source code/Timer.vhd Line: 5
Info (12021): Found 2 design units, including 1 entities, in source file /users/dimri/desktop/cd/circuit design finale/source code/sensor.vhd
    Info (12022): Found design unit 1: Sensor_e-Sensor_a File: C:/Users/dimri/Desktop/CD/Circuit Design Finale/Source code/Sensor.vhd Line: 16
    Info (12023): Found entity 1: Sensor_e File: C:/Users/dimri/Desktop/CD/Circuit Design Finale/Source code/Sensor.vhd Line: 5
Info (12021): Found 2 design units, including 1 entities, in source file /users/dimri/desktop/cd/circuit design finale/source code/counter.vhd
    Info (12022): Found design unit 1: Counter_e-Counter_a File: C:/Users/dimri/Desktop/CD/Circuit Design Finale/Source code/Counter.vhd Line: 17
    Info (12023): Found entity 1: Counter_e File: C:/Users/dimri/Desktop/CD/Circuit Design Finale/Source code/Counter.vhd Line: 5
Info (12021): Found 2 design units, including 1 entities, in source file /users/dimri/desktop/cd/circuit design finale/source code/alarm.vhd
    Info (12022): Found design unit 1: Alarm_e-Alarm_a File: C:/Users/dimri/Desktop/CD/Circuit Design Finale/Source code/Alarm.vhd Line: 16
    Info (12023): Found entity 1: Alarm_e File: C:/Users/dimri/Desktop/CD/Circuit Design Finale/Source code/Alarm.vhd Line: 5
Info (12127): Elaborating entity "TopTee_e" for the top level hierarchy
Info (12129): Elaborating entity "Timer_e" using architecture "A:timer_a" for hierarchy "Timer_e:Timer" File: C:/Users/dimri/Desktop/CD/Circuit Design Finale/Source code/TopTee.vhd Line: 42
Info (12129): Elaborating entity "Counter_e" using architecture "A:counter_a" for hierarchy "Counter_e:Counter" File: C:/Users/dimri/Desktop/CD/Circuit Design Finale/Source code/TopTee.vhd Line: 58
Info (12129): Elaborating entity "Sensor_e" using architecture "A:sensor_a" for hierarchy "Sensor_e:Sensor" File: C:/Users/dimri/Desktop/CD/Circuit Design Finale/Source code/TopTee.vhd Line: 69
Info (12129): Elaborating entity "Alarm_e" using architecture "A:alarm_a" for hierarchy "Alarm_e:Alarm" File: C:/Users/dimri/Desktop/CD/Circuit Design Finale/Source code/TopTee.vhd Line: 79
Info (12129): Elaborating entity "Uart_e" using architecture "A:uart_a" for hierarchy "Uart_e:Uart" File: C:/Users/dimri/Desktop/CD/Circuit Design Finale/Source code/TopTee.vhd Line: 89
Info (286030): Timing-Driven Synthesis is running
Critical Warning (18061): Ignored Power-Up Level option on the following registers
    Critical Warning (18010): Register Counter_e:Counter|Ticks[31] will power up to Low File: C:/Users/dimri/Desktop/CD/Circuit Design Finale/Source code/Counter.vhd Line: 27
    Critical Warning (18010): Register Counter_e:Counter|Ticks[0] will power up to Low File: C:/Users/dimri/Desktop/CD/Circuit Design Finale/Source code/Counter.vhd Line: 27
    Critical Warning (18010): Register Counter_e:Counter|Seconds[0] will power up to Low File: C:/Users/dimri/Desktop/CD/Circuit Design Finale/Source code/Counter.vhd Line: 27
    Critical Warning (18010): Register Counter_e:Counter|counter_input[0] will power up to Low File: C:/Users/dimri/Desktop/CD/Circuit Design Finale/Source code/Counter.vhd Line: 27
    Critical Warning (18010): Register Counter_e:Counter|Seconds[31] will power up to Low File: C:/Users/dimri/Desktop/CD/Circuit Design Finale/Source code/Counter.vhd Line: 27
    Critical Warning (18010): Register Counter_e:Counter|counter_input[31] will power up to Low File: C:/Users/dimri/Desktop/CD/Circuit Design Finale/Source code/Counter.vhd Line: 27
    Critical Warning (18010): Register Alarm_e:Alarm|ticks[0] will power up to Low File: C:/Users/dimri/Desktop/CD/Circuit Design Finale/Source code/Alarm.vhd Line: 23
    Critical Warning (18010): Register Alarm_e:Alarm|ticks[31] will power up to Low File: C:/Users/dimri/Desktop/CD/Circuit Design Finale/Source code/Alarm.vhd Line: 23
    Critical Warning (18010): Register Timer_e:Timer|Timer_o[0] will power up to Low File: C:/Users/dimri/Desktop/CD/Circuit Design Finale/Source code/Timer.vhd Line: 31
    Critical Warning (18010): Register Timer_e:Timer|Timer_o[31] will power up to Low File: C:/Users/dimri/Desktop/CD/Circuit Design Finale/Source code/Timer.vhd Line: 31
    Critical Warning (18010): Register Timer_e:Timer|timer[0] will power up to Low File: C:/Users/dimri/Desktop/CD/Circuit Design Finale/Source code/Timer.vhd Line: 31
    Critical Warning (18010): Register Timer_e:Timer|timer[31] will power up to Low File: C:/Users/dimri/Desktop/CD/Circuit Design Finale/Source code/Timer.vhd Line: 31
Info (16010): Generating hard_block partition "hard_block:auto_generated_inst"
    Info (16011): Adding 0 node(s), including 0 DDIO, 0 PLL, 0 transceiver and 0 LCELL
Info (21057): Implemented 2259 device resources after synthesis - the final resource count might be different
    Info (21058): Implemented 8 input pins
    Info (21059): Implemented 2 output pins
    Info (21061): Implemented 2249 logic cells
Info: Quartus Prime Analysis & Synthesis was successful. 0 errors, 14 warnings
    Info: Peak virtual memory: 4789 megabytes
    Info: Processing ended: Tue Jan 25 14:17:48 2022
    Info: Elapsed time: 00:01:28
    Info: Total CPU time (on all processors): 00:01:37


